<?xml version="1.0" encoding="UTF-8"?>
<testsuite name="com.example.demo.AmazonQueryTests" tests="5" skipped="0" failures="0" errors="0" timestamp="2017-11-13T16:22:35" hostname="MacBook-Pro.local" time="6.095">
  <properties/>
  <testcase name="testGetOfferListingUrlByMainUrl" classname="com.example.demo.AmazonQueryTests" time="0.004"/>
  <testcase name="getAmazonItemById" classname="com.example.demo.AmazonQueryTests" time="3.11"/>
  <testcase name="testGetOfferListingColumns" classname="com.example.demo.AmazonQueryTests" time="0.892"/>
  <testcase name="testGetSearchPage" classname="com.example.demo.AmazonQueryTests" time="1.126"/>
  <testcase name="getOfferListingById" classname="com.example.demo.AmazonQueryTests" time="0.962"/>
  <system-out><![CDATA[17:22:40.776 [Test worker] INFO com.example.demo.AmazonQueryTests - Found a total of 16 items
]]></system-out>
  <system-err><![CDATA[]]></system-err>
</testsuite>
